<?xml version="1.0" encoding="UTF-8"?>
<!-- Generated by org.testng.reporters.JUnitReportReporter -->
<testsuite hostname="SEPURUSH1" failures="0" tests="1" name="testCases.ValidateLogin_TC1" time="32.962" errors="0" timestamp="2021-02-14T16:21:23 IST" skipped="0">
  <testcase classname="testCases.ValidateLogin_TC1" name="validateLogin" time="32.962"/>
  <system-out/>
</testsuite> <!-- testCases.ValidateLogin_TC1 -->
