<?xml version="1.0" encoding="UTF-8"?>
<!-- Generated by org.testng.reporters.JUnitReportReporter -->
<testsuite hostname="SEPURUSH1" failures="0" tests="1" name="testCases.SearchForKeyword_TC2" time="8.444" errors="0" timestamp="2021-02-20T08:48:04 IST" skipped="0">
  <testcase classname="testCases.SearchForKeyword_TC2" name="searchForKeyword" time="8.444"/>
  <system-out/>
</testsuite> <!-- testCases.SearchForKeyword_TC2 -->
